<?xml version="1.0" encoding="UTF-8"?>
<!-- Generated by org.testng.reporters.JUnitReportReporter -->
<testsuite hostname="DESKTOP-FQ85KJ8" failures="0" tests="2" name="testng.newTest" time="40.290" errors="0" timestamp="2024-02-06T21:07:36 IST" skipped="0">
  <testcase classname="testng.newTest" name="ClickOnMarketing" time="11.788"/>
  <testcase classname="testng.newTest" name="fillForm" time="28.502"/>
</testsuite> <!-- testng.newTest -->
